{
  "RSpec": {
    "coverage": {
      "/home/evi/movies2.0/app/models/movie.rb": [
        1,
        1,
        1,
        null,
        1,
        1,
        1,
        null,
        1,
        null,
        2,
        1,
        null,
        null,
        null
      ],
      "/home/evi/movies2.0/app/models/application_record.rb": [
        1,
        1,
        null
      ],
      "/home/evi/movies2.0/app/models/rating.rb": [
        1,
        1,
        1,
        1,
        null
      ],
      "/home/evi/movies2.0/app/channels/application_cable/connection.rb": [
        0,
        0,
        0,
        0
      ],
      "/home/evi/movies2.0/app/channels/application_cable/channel.rb": [
        0,
        0,
        0,
        0
      ],
      "/home/evi/movies2.0/app/mailers/application_mailer.rb": [
        0,
        0,
        0,
        0
      ],
      "/home/evi/movies2.0/app/models/movie_category.rb": [
        0,
        0,
        0,
        0
      ],
      "/home/evi/movies2.0/app/models/category.rb": [
        0,
        0,
        null,
        0,
        0,
        0
      ],
      "/home/evi/movies2.0/app/jobs/application_job.rb": [
        0,
        0
      ],
      "/home/evi/movies2.0/app/controllers/application_controller.rb": [
        0,
        0,
        0
      ],
      "/home/evi/movies2.0/app/controllers/ratings_controller.rb": [
        0,
        0,
        0,
        0,
        0,
        0,
        0,
        0,
        0,
        0,
        0,
        0,
        null,
        0,
        null,
        0,
        0,
        0,
        0
      ],
      "/home/evi/movies2.0/app/controllers/categories_controller.rb": [
        0,
        0,
        0,
        0,
        null,
        0,
        0,
        0,
        null,
        0,
        0,
        0,
        null,
        0,
        0,
        null,
        0,
        0,
        0,
        0,
        0,
        0,
        null,
        0,
        0,
        0,
        null,
        0,
        0,
        0,
        0,
        0,
        0,
        0,
        0,
        null,
        0,
        0,
        0,
        0,
        null,
        0,
        null,
        0,
        0,
        0,
        0
      ],
      "/home/evi/movies2.0/app/controllers/movies_controller.rb": [
        0,
        0,
        0,
        0,
        null,
        0,
        0,
        0,
        0,
        0,
        null,
        0,
        0,
        0,
        null,
        0,
        0,
        null,
        0,
        0,
        0,
        0,
        0,
        0,
        null,
        0,
        0,
        0,
        null,
        0,
        0,
        0,
        0,
        0,
        0,
        0,
        0,
        null,
        0,
        0,
        0,
        0,
        null,
        0,
        0,
        0,
        0,
        0,
        0,
        0,
        0,
        null,
        0,
        null,
        0,
        0,
        0,
        0
      ],
      "/home/evi/movies2.0/app/helpers/application_helper.rb": [
        0,
        0
      ]
    },
    "timestamp": 1521803281
  }
}
