{
  "RSpec": {
    "coverage": {
      "/home/evi/movies2.0/app/controllers/categories_controller.rb": [
        1,
        1,
        1,
        null,
        null,
        1,
        4,
        null,
        null,
        1,
        2,
        null,
        null,
        1,
        3,
        null,
        3,
        2,
        null,
        1,
        null,
        null,
        null,
        1,
        2,
        null,
        null,
        1,
        3,
        3,
        2,
        null,
        1,
        null,
        null,
        null,
        1,
        1,
        1,
        null,
        null,
        1,
        null,
        1,
        6,
        null,
        null
      ],
      "/home/evi/movies2.0/app/controllers/application_controller.rb": [
        1,
        1,
        null
      ],
      "/home/evi/movies2.0/app/controllers/movies_controller.rb": [
        1,
        1,
        2,
        null,
        null,
        1,
        5,
        5,
        5,
        null,
        null,
        1,
        3,
        null,
        null,
        1,
        3,
        null,
        3,
        3,
        null,
        0,
        null,
        null,
        null,
        1,
        2,
        null,
        null,
        1,
        2,
        2,
        2,
        null,
        0,
        null,
        null,
        null,
        1,
        1,
        1,
        null,
        null,
        1,
        null,
        1,
        5,
        null,
        null
      ],
      "/home/evi/movies2.0/app/controllers/ratings_controller.rb": [
        1,
        1,
        2,
        2,
        2,
        1,
        1,
        null,
        1,
        1,
        null,
        null,
        null,
        1,
        null,
        1,
        2,
        null,
        null
      ],
      "/home/evi/movies2.0/app/models/category.rb": [
        1,
        1,
        null,
        1,
        1,
        null
      ],
      "/home/evi/movies2.0/app/models/application_record.rb": [
        1,
        1,
        null
      ],
      "/home/evi/movies2.0/app/models/movie_category.rb": [
        1,
        1,
        1,
        null
      ],
      "/home/evi/movies2.0/app/models/movie.rb": [
        1,
        1,
        1,
        null,
        1,
        1,
        1,
        null,
        1,
        null,
        2,
        1,
        null,
        null,
        null
      ],
      "/home/evi/movies2.0/app/models/rating.rb": [
        1,
        1,
        1,
        1,
        null
      ]
    },
    "timestamp": 1530277587
  }
}
